#
# There is insufficient memory for the Java Runtime Environment to continue.
# Native memory allocation (malloc) failed to allocate 475376 bytes for Chunk::new
# Possible reasons:
#   The system is out of physical RAM or swap space
#   In 32 bit mode, the process size limit was hit
# Possible solutions:
#   Reduce memory load on the system
#   Increase physical memory or swap space
#   Check if swap backing store is full
#   Use 64 bit Java on a 64 bit OS
#   Decrease Java heap size (-Xmx/-Xms)
#   Decrease number of Java threads
#   Decrease Java thread stack sizes (-Xss)
#   Set larger code cache with -XX:ReservedCodeCacheSize=
# This output file may be truncated or incomplete.
#
#  Out of Memory Error (allocation.cpp:390), pid=14856, tid=0x000000000000340c
#
# JRE version: Java(TM) SE Runtime Environment (8.0_172-b11) (build 1.8.0_172-b11)
# Java VM: Java HotSpot(TM) 64-Bit Server VM (25.172-b11 mixed mode windows-amd64 compressed oops)
# Failed to write core dump. Minidumps are not enabled by default on client versions of Windows
#

---------------  T H R E A D  ---------------

Current thread (0x00000000197dd800):  JavaThread "C2 CompilerThread1" daemon [_thread_in_native, id=13324, stack(0x000000001b300000,0x000000001b400000)]

Stack: [0x000000001b300000,0x000000001b400000]
[error occurred during error reporting (printing stack bounds), id 0xc0000005]

Native frames: (J=compiled Java code, j=interpreted, Vv=VM code, C=native code)


Current CompileTask:
C2:  14959 2161       4       org.sonatype.aether.util.graph.transformer.NearestVersionConflictResolver::selectVersion (349 bytes)


---------------  P R O C E S S  ---------------

Java Threads: ( => current thread )
  0x000000001af0a800 JavaThread "Service Thread" daemon [_thread_blocked, id=12688, stack(0x000000001b500000,0x000000001b600000)]
  0x00000000197de800 JavaThread "C1 CompilerThread2" daemon [_thread_blocked, id=4056, stack(0x000000001b400000,0x000000001b500000)]
=>0x00000000197dd800 JavaThread "C2 CompilerThread1" daemon [_thread_in_native, id=13324, stack(0x000000001b300000,0x000000001b400000)]
  0x0000000019780000 JavaThread "C2 CompilerThread0" daemon [_thread_blocked, id=9580, stack(0x000000001ae00000,0x000000001af00000)]
  0x000000001977d000 JavaThread "Attach Listener" daemon [_thread_blocked, id=920, stack(0x000000001ad00000,0x000000001ae00000)]
  0x000000001977c000 JavaThread "Signal Dispatcher" daemon [_thread_blocked, id=13648, stack(0x000000001ac00000,0x000000001ad00000)]
  0x00000000026c7800 JavaThread "Finalizer" daemon [_thread_blocked, id=15744, stack(0x000000001a9f0000,0x000000001aaf0000)]
  0x00000000026c2800 JavaThread "Reference Handler" daemon [_thread_blocked, id=14752, stack(0x000000001a8f0000,0x000000001a9f0000)]
  0x00000000025d3000 JavaThread "main" [_thread_in_native, id=2508, stack(0x00000000023e0000,0x00000000024e0000)]

Other Threads:
  0x0000000019749000 VMThread [stack: 0x000000001a7f0000,0x000000001a8f0000] [id=2960]
  0x000000001af0b800 WatcherThread [stack: 0x000000001b750000,0x000000001b850000] [id=2564]

VM state:not at safepoint (normal execution)

VM Mutex/Monitor currently owned by a thread: None

Heap:
 PSYoungGen      total 57344K, used 56792K [0x0000000780780000, 0x0000000784780000, 0x00000007c0000000)
  eden space 49152K, 99% used [0x0000000780780000,0x000000078371e048,0x0000000783780000)
  from space 8192K, 98% used [0x0000000783780000,0x0000000783f58000,0x0000000783f80000)
  to   space 8192K, 0% used [0x0000000783f80000,0x0000000783f80000,0x0000000784780000)
 ParOldGen       total 131072K, used 24K [0x0000000701600000, 0x0000000709600000, 0x0000000780780000)
  object space 131072K, 0% used [0x0000000701600000,0x0000000701606000,0x0000000709600000)
 Metaspace       used 13057K, capacity 13346K, committed 13440K, reserved 1060864K
  class space    used 1557K, capacity 1623K, committed 1664K, reserved 1048576K

Card table byte_map: [0x0000000011a90000,0x0000000012090000] byte_map_base: 0x000000000e285000

Marking Bits: (ParMarkBitMap*) 0x00000000558c3c10
 Begin Bits: [0x0000000012890000, 0x0000000015838000)
 End Bits:   [0x0000000015838000, 0x00000000187e0000)

Polling page: 0x0000000000ab0000

CodeCache: size=245760Kb used=8162Kb max_used=8162Kb free=237597Kb
 bounds [0x00000000026d0000, 0x0000000002ee0000, 0x00000000116d0000]
 total_blobs=2512 nmethods=2188 adapters=236
 compilation: enabled

Compilation events (10 events):
Event: 14.813 Thread 0x0000000019780000 nmethod 2172 0x0000000002e9fa50 code [0x0000000002e9fbe0, 0x0000000002ea0398]
Event: 14.831 Thread 0x00000000197de800 2173       3       org.sonatype.aether.util.DefaultRepositorySystemSession::getLocalRepository (20 bytes)
Event: 14.831 Thread 0x00000000197de800 nmethod 2173 0x0000000002e9f550 code [0x0000000002e9f6c0, 0x0000000002e9f968]
Event: 14.832 Thread 0x00000000197de800 2174       3       org.sonatype.aether.resolution.VersionRequest::<init> (36 bytes)
Event: 14.833 Thread 0x00000000197de800 nmethod 2174 0x0000000002ea1850 code [0x0000000002ea1a00, 0x0000000002ea1f30]
Event: 14.833 Thread 0x00000000197de800 2175       3       org.sonatype.aether.resolution.VersionRequest::setTrace (7 bytes)
Event: 14.833 Thread 0x00000000197de800 nmethod 2175 0x0000000002e9f210 code [0x0000000002e9f360, 0x0000000002e9f4d0]
Event: 14.833 Thread 0x00000000197de800 2176       3       org.apache.maven.repository.internal.DefaultVersionResolver::resolveVersion (941 bytes)
Event: 14.845 Thread 0x00000000197de800 nmethod 2176 0x0000000002ea68d0 code [0x0000000002ea7360, 0x0000000002eae768]
Event: 14.845 Thread 0x00000000197de800 2179   !   3       org.apache.maven.eventspy.internal.EventSpyDispatcher::onEvent (81 bytes)

GC Heap History (6 events):
Event: 3.959 GC heap before
{Heap before GC invocations=1 (full 0):
 PSYoungGen      total 57344K, used 49152K [0x0000000780780000, 0x0000000784780000, 0x00000007c0000000)
  eden space 49152K, 100% used [0x0000000780780000,0x0000000783780000,0x0000000783780000)
  from space 8192K, 0% used [0x0000000783f80000,0x0000000783f80000,0x0000000784780000)
  to   space 8192K, 0% used [0x0000000783780000,0x0000000783780000,0x0000000783f80000)
 ParOldGen       total 131072K, used 0K [0x0000000701600000, 0x0000000709600000, 0x0000000780780000)
  object space 131072K, 0% used [0x0000000701600000,0x0000000701600000,0x0000000709600000)
 Metaspace       used 9681K, capacity 9864K, committed 10112K, reserved 1058816K
  class space    used 1243K, capacity 1281K, committed 1408K, reserved 1048576K
Event: 3.973 GC heap after
Heap after GC invocations=1 (full 0):
 PSYoungGen      total 57344K, used 6874K [0x0000000780780000, 0x0000000784780000, 0x00000007c0000000)
  eden space 49152K, 0% used [0x0000000780780000,0x0000000780780000,0x0000000783780000)
  from space 8192K, 83% used [0x0000000783780000,0x0000000783e36ba0,0x0000000783f80000)
  to   space 8192K, 0% used [0x0000000783f80000,0x0000000783f80000,0x0000000784780000)
 ParOldGen       total 131072K, used 8K [0x0000000701600000, 0x0000000709600000, 0x0000000780780000)
  object space 131072K, 0% used [0x0000000701600000,0x0000000701602000,0x0000000709600000)
 Metaspace       used 9681K, capacity 9864K, committed 10112K, reserved 1058816K
  class space    used 1243K, capacity 1281K, committed 1408K, reserved 1048576K
}
Event: 9.591 GC heap before
{Heap before GC invocations=2 (full 0):
 PSYoungGen      total 57344K, used 56026K [0x0000000780780000, 0x0000000784780000, 0x00000007c0000000)
  eden space 49152K, 100% used [0x0000000780780000,0x0000000783780000,0x0000000783780000)
  from space 8192K, 83% used [0x0000000783780000,0x0000000783e36ba0,0x0000000783f80000)
  to   space 8192K, 0% used [0x0000000783f80000,0x0000000783f80000,0x0000000784780000)
 ParOldGen       total 131072K, used 8K [0x0000000701600000, 0x0000000709600000, 0x0000000780780000)
  object space 131072K, 0% used [0x0000000701600000,0x0000000701602000,0x0000000709600000)
 Metaspace       used 12619K, capacity 12918K, committed 13184K, reserved 1060864K
  class space    used 1533K, capacity 1614K, committed 1664K, reserved 1048576K
Event: 9.609 GC heap after
Heap after GC invocations=2 (full 0):
 PSYoungGen      total 57344K, used 7308K [0x0000000780780000, 0x0000000784780000, 0x00000007c0000000)
  eden space 49152K, 0% used [0x0000000780780000,0x0000000780780000,0x0000000783780000)
  from space 8192K, 89% used [0x0000000783f80000,0x00000007846a30b0,0x0000000784780000)
  to   space 8192K, 0% used [0x0000000783780000,0x0000000783780000,0x0000000783f80000)
 ParOldGen       total 131072K, used 16K [0x0000000701600000, 0x0000000709600000, 0x0000000780780000)
  object space 131072K, 0% used [0x0000000701600000,0x0000000701604000,0x0000000709600000)
 Metaspace       used 12619K, capacity 12918K, committed 13184K, reserved 1060864K
  class space    used 1533K, capacity 1614K, committed 1664K, reserved 1048576K
}
Event: 12.564 GC heap before
{Heap before GC invocations=3 (full 0):
 PSYoungGen      total 57344K, used 56460K [0x0000000780780000, 0x0000000784780000, 0x00000007c0000000)
  eden space 49152K, 100% used [0x0000000780780000,0x0000000783780000,0x0000000783780000)
  from space 8192K, 89% used [0x0000000783f80000,0x00000007846a30b0,0x0000000784780000)
  to   space 8192K, 0% used [0x0000000783780000,0x0000000783780000,0x0000000783f80000)
 ParOldGen       total 131072K, used 16K [0x0000000701600000, 0x0000000709600000, 0x0000000780780000)
  object space 131072K, 0% used [0x0000000701600000,0x0000000701604000,0x0000000709600000)
 Metaspace       used 12731K, capacity 13060K, committed 13184K, reserved 1060864K
  class space    used 1537K, capacity 1618K, committed 1664K, reserved 1048576K
Event: 12.599 GC heap after
Heap after GC invocations=3 (full 0):
 PSYoungGen      total 57344K, used 8032K [0x0000000780780000, 0x0000000784780000, 0x00000007c0000000)
  eden space 49152K, 0% used [0x0000000780780000,0x0000000780780000,0x0000000783780000)
  from space 8192K, 98% used [0x0000000783780000,0x0000000783f58000,0x0000000783f80000)
  to   space 8192K, 0% used [0x0000000783f80000,0x0000000783f80000,0x0000000784780000)
 ParOldGen       total 131072K, used 24K [0x0000000701600000, 0x0000000709600000, 0x0000000780780000)
  object space 131072K, 0% used [0x0000000701600000,0x0000000701606000,0x0000000709600000)
 Metaspace       used 12731K, capacity 13060K, committed 13184K, reserved 1060864K
  class space    used 1537K, capacity 1618K, committed 1664K, reserved 1048576K
}

Deoptimization events (10 events):
Event: 10.674 Thread 0x00000000025d3000 Uncommon trap: reason=class_check action=maybe_recompile pc=0x0000000002c1fa2c method=org.apache.maven.model.interpolation.StringSearchModelInterpolator$InterpolateObjectAction.interpolateMapField(Ljava/lang/Object;Ljava/lang/reflect/Field;)V @ 126
Event: 11.286 Thread 0x00000000025d3000 Uncommon trap: reason=unstable_if action=reinterpret pc=0x0000000002c84c14 method=org.codehaus.plexus.util.xml.pull.MXParser.nextImpl()I @ 280
Event: 11.730 Thread 0x00000000025d3000 Uncommon trap: reason=class_check action=maybe_recompile pc=0x0000000002d0fefc method=org.codehaus.plexus.interpolation.MapBasedValueSource.getValue(Ljava/lang/String;)Ljava/lang/Object; @ 16
Event: 11.730 Thread 0x00000000025d3000 Uncommon trap: reason=class_check action=maybe_recompile pc=0x0000000002d0fefc method=org.codehaus.plexus.interpolation.MapBasedValueSource.getValue(Ljava/lang/String;)Ljava/lang/Object; @ 16
Event: 12.326 Thread 0x00000000025d3000 Uncommon trap: reason=unstable_if action=reinterpret pc=0x0000000002cd937c method=org.apache.maven.model.io.xpp3.MavenXpp3Reader.nextTag(Lorg/codehaus/plexus/util/xml/pull/XmlPullParser;)I @ 9
Event: 12.347 Thread 0x00000000025d3000 Uncommon trap: reason=null_check action=make_not_entrant pc=0x0000000002dd61dc method=org.apache.maven.model.validation.DefaultModelValidator.validateEffectiveDependency(Lorg/apache/maven/model/building/ModelProblemCollector;Lorg/apache/maven/model/Depend
Event: 14.211 Thread 0x00000000025d3000 Uncommon trap: reason=speculate_class_check action=maybe_recompile pc=0x0000000002b1be74 method=java.nio.charset.CharsetDecoder.decode(Ljava/nio/ByteBuffer;Ljava/nio/CharBuffer;Z)Ljava/nio/charset/CoderResult; @ 57
Event: 14.252 Thread 0x00000000025d3000 Uncommon trap: reason=speculate_class_check action=maybe_recompile pc=0x0000000002b1be74 method=java.nio.charset.CharsetDecoder.decode(Ljava/nio/ByteBuffer;Ljava/nio/CharBuffer;Z)Ljava/nio/charset/CoderResult; @ 57
Event: 14.489 Thread 0x00000000025d3000 Uncommon trap: reason=speculate_class_check action=maybe_recompile pc=0x0000000002b1be74 method=java.nio.charset.CharsetDecoder.decode(Ljava/nio/ByteBuffer;Ljava/nio/CharBuffer;Z)Ljava/nio/charset/CoderResult; @ 57
Event: 14.504 Thread 0x00000000025d3000 Uncommon trap: reason=speculate_class_check action=maybe_recompile pc=0x0000000002b1be74 method=java.nio.charset.CharsetDecoder.decode(Ljava/nio/ByteBuffer;Ljava/nio/CharBuffer;Z)Ljava/nio/charset/CoderResult; @ 57

Classes redefined (0 events):
No events

Internal exceptions (10 events):
Event: 3.160 Thread 0x00000000025d3000 Exception <a 'java/lang/NoClassDefFoundError': org/slf4j/LoggerFactory> (0x0000000782b5eae0) thrown at [C:\re\workspace\8-2-build-windows-amd64-cygwin\jdk8u172\10810\hotspot\src\share\vm\classfile\systemDictionary.cpp, line 199]
Event: 3.160 Thread 0x00000000025d3000 Exception <a 'java/lang/NoClassDefFoundError'> (0x0000000782b5eae0) thrown at [C:\re\workspace\8-2-build-windows-amd64-cygwin\jdk8u172\10810\hotspot\src\share\vm\oops\instanceKlass.cpp, line 959]
Event: 4.155 Thread 0x00000000025d3000 Implicit null exception at 0x00000000028b5b1b to 0x00000000028b5d0d
Event: 6.562 Thread 0x00000000025d3000 Implicit null exception at 0x0000000002b980ef to 0x0000000002b99419
Event: 8.858 Thread 0x00000000025d3000 Implicit null exception at 0x0000000002a8c695 to 0x0000000002a8c899
Event: 8.858 Thread 0x00000000025d3000 Implicit null exception at 0x0000000002a0e4ef to 0x0000000002a0e559
Event: 8.859 Thread 0x00000000025d3000 Implicit null exception at 0x0000000002bc5b71 to 0x0000000002bc639d
Event: 8.860 Thread 0x00000000025d3000 Implicit null exception at 0x0000000002a43a7b to 0x0000000002a44061
Event: 9.236 Thread 0x00000000025d3000 Implicit null exception at 0x0000000002cbd8c4 to 0x0000000002cbeaa1
Event: 12.347 Thread 0x00000000025d3000 Implicit null exception at 0x0000000002dd3f47 to 0x0000000002dd61c1

Events (10 events):
Event: 14.729 loading class java/util/IdentityHashMap$EntryIterator$Entry
Event: 14.729 loading class java/util/IdentityHashMap$EntryIterator$Entry done
Event: 14.730 loading class org/sonatype/aether/util/graph/transformer/NearestVersionConflictResolver$ConflictGroup
Event: 14.730 loading class org/sonatype/aether/util/graph/transformer/NearestVersionConflictResolver$ConflictGroup done
Event: 14.731 loading class org/sonatype/aether/util/graph/transformer/NearestVersionConflictResolver$Position
Event: 14.731 loading class org/sonatype/aether/util/graph/transformer/NearestVersionConflictResolver$Position done
Event: 14.759 loading class org/sonatype/aether/util/graph/Stack
Event: 14.759 loading class org/sonatype/aether/util/graph/Stack done
Event: 14.766 loading class org/sonatype/aether/util/graph/TreeDependencyVisitor
Event: 14.766 loading class org/sonatype/aether/util/graph/TreeDependencyVisitor done


Dynamic libraries:
0x00007ff67be60000 - 0x00007ff67be97000 	C:\Program Files\Java\jdk1.8.0_172\bin\java.exe
0x00007ffad0c80000 - 0x00007ffad0e61000 	C:\WINDOWS\SYSTEM32\ntdll.dll
0x00007fface700000 - 0x00007fface7b1000 	C:\WINDOWS\System32\KERNEL32.DLL
0x00007ffacd170000 - 0x00007ffacd3e3000 	C:\WINDOWS\System32\KERNELBASE.dll
0x00007fface2b0000 - 0x00007fface351000 	C:\WINDOWS\System32\ADVAPI32.dll
0x00007ffad0a50000 - 0x00007ffad0aee000 	C:\WINDOWS\System32\msvcrt.dll
0x00007ffad03e0000 - 0x00007ffad043b000 	C:\WINDOWS\System32\sechost.dll
0x00007ffad05a0000 - 0x00007ffad06c4000 	C:\WINDOWS\System32\RPCRT4.dll
0x00007fface7c0000 - 0x00007fface950000 	C:\WINDOWS\System32\USER32.dll
0x00007ffacd050000 - 0x00007ffacd070000 	C:\WINDOWS\System32\win32u.dll
0x00007fface690000 - 0x00007fface6b8000 	C:\WINDOWS\System32\GDI32.dll
0x00007ffacdf70000 - 0x00007fface102000 	C:\WINDOWS\System32\gdi32full.dll
0x00007ffacd3f0000 - 0x00007ffacd48f000 	C:\WINDOWS\System32\msvcp_win.dll
0x00007ffacd070000 - 0x00007ffacd168000 	C:\WINDOWS\System32\ucrtbase.dll
0x00007ffabd890000 - 0x00007ffabdaf9000 	C:\WINDOWS\WinSxS\amd64_microsoft.windows.common-controls_6595b64144ccf1df_6.0.17134.706_none_fb43a2cb30647007\COMCTL32.dll
0x00007fface360000 - 0x00007fface682000 	C:\WINDOWS\System32\combase.dll
0x00007ffacd790000 - 0x00007ffacd80a000 	C:\WINDOWS\System32\bcryptPrimitives.dll
0x00007fface6c0000 - 0x00007fface6ed000 	C:\WINDOWS\System32\IMM32.DLL
0x0000000055ee0000 - 0x0000000055fb2000 	C:\Program Files\Java\jdk1.8.0_172\jre\bin\msvcr100.dll
0x00000000550a0000 - 0x0000000055943000 	C:\Program Files\Java\jdk1.8.0_172\jre\bin\server\jvm.dll
0x00007fface6f0000 - 0x00007fface6f8000 	C:\WINDOWS\System32\PSAPI.DLL
0x00007ffabaaf0000 - 0x00007ffabaaf9000 	C:\WINDOWS\SYSTEM32\WSOCK32.dll
0x00007ffacfd90000 - 0x00007ffacfdfc000 	C:\WINDOWS\System32\WS2_32.dll
0x00007ffac9ed0000 - 0x00007ffac9ef3000 	C:\WINDOWS\SYSTEM32\WINMM.dll
0x00007ffac95f0000 - 0x00007ffac95fa000 	C:\WINDOWS\SYSTEM32\VERSION.dll
0x00007ffac9ea0000 - 0x00007ffac9eca000 	C:\WINDOWS\SYSTEM32\WINMMBASE.dll
0x00007ffacd810000 - 0x00007ffacd859000 	C:\WINDOWS\System32\cfgmgr32.dll
0x0000000055ed0000 - 0x0000000055edf000 	C:\Program Files\Java\jdk1.8.0_172\jre\bin\verify.dll
0x0000000055030000 - 0x0000000055059000 	C:\Program Files\Java\jdk1.8.0_172\jre\bin\java.dll
0x0000000055010000 - 0x0000000055026000 	C:\Program Files\Java\jdk1.8.0_172\jre\bin\zip.dll
0x00007fface950000 - 0x00007ffacfd90000 	C:\WINDOWS\System32\SHELL32.dll
0x00007ffacfed0000 - 0x00007ffacff79000 	C:\WINDOWS\System32\shcore.dll
0x00007ffacd860000 - 0x00007ffacdf6d000 	C:\WINDOWS\System32\windows.storage.dll
0x00007ffad06d0000 - 0x00007ffad0721000 	C:\WINDOWS\System32\shlwapi.dll
0x00007ffaccfe0000 - 0x00007ffaccff1000 	C:\WINDOWS\System32\kernel.appcore.dll
0x00007ffaccfb0000 - 0x00007ffaccfcf000 	C:\WINDOWS\System32\profapi.dll
0x00007ffacd000000 - 0x00007ffacd04c000 	C:\WINDOWS\System32\powrprof.dll
0x00007ffaccfd0000 - 0x00007ffaccfda000 	C:\WINDOWS\System32\FLTLIB.DLL
0x0000000054ff0000 - 0x000000005500a000 	C:\Program Files\Java\jdk1.8.0_172\jre\bin\net.dll
0x00007ffacc7b0000 - 0x00007ffacc816000 	C:\WINDOWS\system32\mswsock.dll
0x0000000054fd0000 - 0x0000000054fe1000 	C:\Program Files\Java\jdk1.8.0_172\jre\bin\nio.dll

VM Arguments:
jvm_args: -Dclassworlds.conf=C:\Users\RODEMARCK\Desktop\10\NetBeans 8.2\java\maven\bin\m2.conf -Dmaven.home=C:\Users\RODEMARCK\Desktop\10\NetBeans 8.2\java\maven 
java_command: org.codehaus.plexus.classworlds.launcher.Launcher -Dexec.args=-classpath %classpath com.Hirukar.Project.ProjectApplication -Dexec.executable=C:\Program Files\Java\jdk1.8.0_172\bin\java.exe -Dmaven.ext.class.path=C:\Users\RODEMARCK\Desktop\10\NetBeans 8.2\java\maven-nblib\netbeans-eventspy.jar -Dfile.encoding=UTF-8 org.codehaus.mojo:exec-maven-plugin:1.2.1:exec
java_class_path (initial): C:\Users\RODEMARCK\Desktop\10\NetBeans 8.2\java\maven\boot\plexus-classworlds-2.4.jar
Launcher Type: SUN_STANDARD

Environment Variables:
JAVA_HOME=C:\Program Files\Java\jdk1.8.0_172
PATH=C:\Program Files (x86)\Common Files\Oracle\Java\javapath;C:\ProgramData\Oracle\Java\javapath;C:\Program Files (x86)\Intel\iCLS Client\;C:\Program Files\Intel\iCLS Client\;C:\WINDOWS\system32;C:\WINDOWS;C:\WINDOWS\System32\Wbem;C:\WINDOWS\System32\WindowsPowerShell\v1.0\;C:\Program Files (x86)\Windows Live\Shared;C:\Program Files\Intel\Intel(R) Management Engine Components\DAL;C:\Program Files\Intel\Intel(R) Management Engine Components\IPT;C:\Program Files (x86)\Intel\Intel(R) Management Engine Components\DAL;C:\Program Files (x86)\Intel\Intel(R) Management Engine Components\IPT;C:\Program Files\Intel\WiFi\bin\;C:\Program Files\Common Files\Intel\WirelessCommon\;C:\WINDOWS\System32\OpenSSH\;C:\Program Files (x86)\HP\Common\HPDestPlgIn\;C:\Program Files\dotnet\;C:\Program Files\Microsoft SQL Server\130\Tools\Binn\;C:\Program Files\Git\cmd;C:\Users\RODEMARCK\AppData\Local\Microsoft\WindowsApps;C:\Program Files (x86)\HP\Common\HPDestPlgIn\;C:\Users\RODEMARCK\AppData\Local\Programs\Microsoft VS Code\bin
USERNAME=RODEMARCK
OS=Windows_NT
PROCESSOR_IDENTIFIER=Intel64 Family 6 Model 60 Stepping 3, GenuineIntel



---------------  S Y S T E M  ---------------

OS: Windows 10.0 , 64 bit Build 17134 (10.0.17134.706)

CPU:total 4 (initial active 4) (2 cores per cpu, 2 threads per core) family 6 model 60 stepping 3, cmov, cx8, fxsr, mmx, sse, sse2, sse3, ssse3, sse4.1, sse4.2, popcnt, avx, avx2, aes, clmul, erms, lzcnt, ht, tsc, tscinvbit, bmi1, bmi2

Memory: 4k page, physical 12488728k(3288344k free), swap 17633064k(720k free)

vm_info: Java HotSpot(TM) 64-Bit Server VM (25.172-b11) for windows-amd64 JRE (1.8.0_172-b11), built on Mar 28 2018 21:21:52 by "java_re" with MS VC++ 10.0 (VS2010)

time: Sat Apr 27 22:35:23 2019
elapsed time: 15 seconds (0d 0h 0m 15s)

